<?xml version="1.0" encoding="UTF-8"?>
<!-- Generated by org.testng.reporters.JUnitXMLReporter -->
<testsuite hostname="Akashdeeps-MacBook-Pro.local" ignored="2" name="Default test" tests="1" failures="0" timestamp="20 Mar 2023 05:08:09 GMT" time="3.914" errors="0">
  <testcase name="createMeal" time="3.89" classname="fitbitTests.FitbitTests"/>
  <testcase name="SleepLog" time="0.0" classname="fitbitTests.FitbitTests">
    <ignored/>
  </testcase> <!-- SleepLog -->
  <testcase name="heartRateTimeSeriesData" time="0.0" classname="fitbitTests.FitbitTests">
    <ignored/>
  </testcase> <!-- heartRateTimeSeriesData -->
</testsuite> <!-- Default test -->
