<?xml version="1.0" encoding="UTF-8"?>
<testng-results skipped="0" failed="0" ignored="2" total="3" passed="1">
  <reporter-output>
  </reporter-output>
  <suite name="Default suite" duration-ms="3914" started-at="2023-03-20T05:08:05Z" finished-at="2023-03-20T05:08:09Z">
    <groups>
      <group name="regression">
        <method signature="FitbitTests.createMeal()[pri:0, instance:fitbitTests.FitbitTests@1a04f701]" name="createMeal" class="fitbitTests.FitbitTests"/>
      </group> <!-- regression -->
      <group name="smoke">
        <method signature="FitbitTests.createMeal()[pri:0, instance:fitbitTests.FitbitTests@1a04f701]" name="createMeal" class="fitbitTests.FitbitTests"/>
      </group> <!-- smoke -->
    </groups>
    <test name="Default test" duration-ms="3914" started-at="2023-03-20T05:08:05Z" finished-at="2023-03-20T05:08:09Z">
      <class name="fitbitTests.FitbitTests">
        <test-method status="PASS" signature="generateTokens()[pri:0, instance:fitbitTests.FitbitTests@1a04f701]" name="generateTokens" is-config="true" duration-ms="11" started-at="2023-03-20T05:08:05Z" finished-at="2023-03-20T05:08:05Z">
          <reporter-output>
          </reporter-output>
        </test-method> <!-- generateTokens -->
        <test-method status="PASS" signature="createMeal()[pri:0, instance:fitbitTests.FitbitTests@1a04f701]" name="createMeal" duration-ms="3890" started-at="2023-03-20T05:08:05Z" description="Create a Meal Plan" finished-at="2023-03-20T05:08:09Z">
          <reporter-output>
          </reporter-output>
        </test-method> <!-- createMeal -->
        <test-method status="PASS" signature="cleanUpAndSave()[pri:0, instance:fitbitTests.FitbitTests@1a04f701]" name="cleanUpAndSave" is-config="true" duration-ms="2" started-at="2023-03-20T05:08:09Z" finished-at="2023-03-20T05:08:09Z">
          <reporter-output>
          </reporter-output>
        </test-method> <!-- cleanUpAndSave -->
      </class> <!-- fitbitTests.FitbitTests -->
    </test> <!-- Default test -->
  </suite> <!-- Default suite -->
</testng-results>
